running egg_info
writing build/HYMEC01/HYMEC01.1.egg-info/PKG-INFO
writing dependency_links to build/HYMEC01/HYMEC01.1.egg-info/dependency_links.txt
writing entry points to build/HYMEC01/HYMEC01.1.egg-info/entry_points.txt
writing requirements to build/HYMEC01/HYMEC01.1.egg-info/requires.txt
writing top-level names to build/HYMEC01/HYMEC01.1.egg-info/top_level.txt
reading manifest file 'build/HYMEC01/HYMEC01.1.egg-info/SOURCES.txt'
writing manifest file 'build/HYMEC01/HYMEC01.1.egg-info/SOURCES.txt'
running build
running build_py
creating /home/wonker/ros2_humble/HYMEC01/build/HYMEC01/build
creating /home/wonker/ros2_humble/HYMEC01/build/HYMEC01/build/lib
creating /home/wonker/ros2_humble/HYMEC01/build/HYMEC01/build/lib/HYMEC01
copying HYMEC01/robot3.py -> /home/wonker/ros2_humble/HYMEC01/build/HYMEC01/build/lib/HYMEC01
copying HYMEC01/robot1.py -> /home/wonker/ros2_humble/HYMEC01/build/HYMEC01/build/lib/HYMEC01
copying HYMEC01/laptop.py -> /home/wonker/ros2_humble/HYMEC01/build/HYMEC01/build/lib/HYMEC01
copying HYMEC01/robot4.py -> /home/wonker/ros2_humble/HYMEC01/build/HYMEC01/build/lib/HYMEC01
copying HYMEC01/robot2.py -> /home/wonker/ros2_humble/HYMEC01/build/HYMEC01/build/lib/HYMEC01
copying HYMEC01/__init__.py -> /home/wonker/ros2_humble/HYMEC01/build/HYMEC01/build/lib/HYMEC01
running install
running install_lib
creating /home/wonker/ros2_humble/HYMEC01/install/HYMEC01/lib/python3.10/site-packages/HYMEC01
copying /home/wonker/ros2_humble/HYMEC01/build/HYMEC01/build/lib/HYMEC01/robot3.py -> /home/wonker/ros2_humble/HYMEC01/install/HYMEC01/lib/python3.10/site-packages/HYMEC01
copying /home/wonker/ros2_humble/HYMEC01/build/HYMEC01/build/lib/HYMEC01/robot1.py -> /home/wonker/ros2_humble/HYMEC01/install/HYMEC01/lib/python3.10/site-packages/HYMEC01
copying /home/wonker/ros2_humble/HYMEC01/build/HYMEC01/build/lib/HYMEC01/laptop.py -> /home/wonker/ros2_humble/HYMEC01/install/HYMEC01/lib/python3.10/site-packages/HYMEC01
copying /home/wonker/ros2_humble/HYMEC01/build/HYMEC01/build/lib/HYMEC01/robot4.py -> /home/wonker/ros2_humble/HYMEC01/install/HYMEC01/lib/python3.10/site-packages/HYMEC01
copying /home/wonker/ros2_humble/HYMEC01/build/HYMEC01/build/lib/HYMEC01/robot2.py -> /home/wonker/ros2_humble/HYMEC01/install/HYMEC01/lib/python3.10/site-packages/HYMEC01
copying /home/wonker/ros2_humble/HYMEC01/build/HYMEC01/build/lib/HYMEC01/__init__.py -> /home/wonker/ros2_humble/HYMEC01/install/HYMEC01/lib/python3.10/site-packages/HYMEC01
byte-compiling /home/wonker/ros2_humble/HYMEC01/install/HYMEC01/lib/python3.10/site-packages/HYMEC01/robot3.py to robot3.cpython-310.pyc
byte-compiling /home/wonker/ros2_humble/HYMEC01/install/HYMEC01/lib/python3.10/site-packages/HYMEC01/robot1.py to robot1.cpython-310.pyc
byte-compiling /home/wonker/ros2_humble/HYMEC01/install/HYMEC01/lib/python3.10/site-packages/HYMEC01/laptop.py to laptop.cpython-310.pyc
byte-compiling /home/wonker/ros2_humble/HYMEC01/install/HYMEC01/lib/python3.10/site-packages/HYMEC01/robot4.py to robot4.cpython-310.pyc
byte-compiling /home/wonker/ros2_humble/HYMEC01/install/HYMEC01/lib/python3.10/site-packages/HYMEC01/robot2.py to robot2.cpython-310.pyc
byte-compiling /home/wonker/ros2_humble/HYMEC01/install/HYMEC01/lib/python3.10/site-packages/HYMEC01/__init__.py to __init__.cpython-310.pyc
running install_data
running install_egg_info
Copying build/HYMEC01/HYMEC01.1.egg-info to /home/wonker/ros2_humble/HYMEC01/install/HYMEC01/lib/python3.10/site-packages/HYMEC01.1-0.0.0-py3.10.egg-info
running install_scripts
Installing laptop script to /home/wonker/ros2_humble/HYMEC01/install/HYMEC01/lib/HYMEC01
Installing robot1 script to /home/wonker/ros2_humble/HYMEC01/install/HYMEC01/lib/HYMEC01
Installing robot2 script to /home/wonker/ros2_humble/HYMEC01/install/HYMEC01/lib/HYMEC01
Installing robot3 script to /home/wonker/ros2_humble/HYMEC01/install/HYMEC01/lib/HYMEC01
Installing robot4 script to /home/wonker/ros2_humble/HYMEC01/install/HYMEC01/lib/HYMEC01
writing list of installed files to '/home/wonker/ros2_humble/HYMEC01/build/HYMEC01/install.log'
