running develop
/usr/lib/python3/dist-packages/setuptools/command/easy_install.py:158: EasyInstallDeprecationWarning: easy_install command is deprecated. Use build and pip and other standards-based tools.
  warnings.warn(
/usr/lib/python3/dist-packages/setuptools/command/install.py:34: SetuptoolsDeprecationWarning: setup.py install is deprecated. Use build and pip and other standards-based tools.
  warnings.warn(
running egg_info
writing HYMEC01.1.egg-info/PKG-INFO
writing dependency_links to HYMEC01.1.egg-info/dependency_links.txt
writing entry points to HYMEC01.1.egg-info/entry_points.txt
writing requirements to HYMEC01.1.egg-info/requires.txt
writing top-level names to HYMEC01.1.egg-info/top_level.txt
reading manifest file 'HYMEC01.1.egg-info/SOURCES.txt'
writing manifest file 'HYMEC01.1.egg-info/SOURCES.txt'
running build_ext
Creating /home/wonker/ros2_humble/HYMEC01.1/install/HYMEC01.1/lib/python3.10/site-packages/HYMEC01.1.egg-link (link to .)
Installing laptop script to /home/wonker/ros2_humble/HYMEC01.1/install/HYMEC01.1/lib/HYMEC01.1
Installing robot1 script to /home/wonker/ros2_humble/HYMEC01.1/install/HYMEC01.1/lib/HYMEC01.1
Installing robot2 script to /home/wonker/ros2_humble/HYMEC01.1/install/HYMEC01.1/lib/HYMEC01.1
Installing robot3 script to /home/wonker/ros2_humble/HYMEC01.1/install/HYMEC01.1/lib/HYMEC01.1
Installing robot4 script to /home/wonker/ros2_humble/HYMEC01.1/install/HYMEC01.1/lib/HYMEC01.1

Installed /home/wonker/ros2_humble/HYMEC01.1/build/HYMEC01.1
running install_data
