running develop
/usr/lib/python3/dist-packages/setuptools/command/easy_install.py:158: EasyInstallDeprecationWarning: easy_install command is deprecated. Use build and pip and other standards-based tools.
  warnings.warn(
/usr/lib/python3/dist-packages/setuptools/command/install.py:34: SetuptoolsDeprecationWarning: setup.py install is deprecated. Use build and pip and other standards-based tools.
  warnings.warn(
running egg_info
creating HYMEC01.1.egg-info
writing HYMEC01.1.egg-info/PKG-INFO
writing dependency_links to HYMEC01.1.egg-info/dependency_links.txt
writing entry points to HYMEC01.1.egg-info/entry_points.txt
writing requirements to HYMEC01.1.egg-info/requires.txt
writing top-level names to HYMEC01.1.egg-info/top_level.txt
writing manifest file 'HYMEC01.1.egg-info/SOURCES.txt'
reading manifest file 'HYMEC01.1.egg-info/SOURCES.txt'
writing manifest file 'HYMEC01.1.egg-info/SOURCES.txt'
running build_ext
Creating /home/wonker/ros2_humble/HYMEC01/install/HYMEC01/lib/python3.10/site-packages/HYMEC01.1.egg-link (link to .)
Installing laptop script to /home/wonker/ros2_humble/HYMEC01/install/HYMEC01/lib/HYMEC01
Installing robot1 script to /home/wonker/ros2_humble/HYMEC01/install/HYMEC01/lib/HYMEC01
Installing robot2 script to /home/wonker/ros2_humble/HYMEC01/install/HYMEC01/lib/HYMEC01
Installing robot3 script to /home/wonker/ros2_humble/HYMEC01/install/HYMEC01/lib/HYMEC01
Installing robot4 script to /home/wonker/ros2_humble/HYMEC01/install/HYMEC01/lib/HYMEC01

Installed /home/wonker/ros2_humble/HYMEC01/build/HYMEC01
running install_data
copying resource/HYMEC01.1 -> /home/wonker/ros2_humble/HYMEC01/install/HYMEC01/share/ament_index/resource_index/packages
creating /home/wonker/ros2_humble/HYMEC01/install/HYMEC01/share/HYMEC01.1
copying package.xml -> /home/wonker/ros2_humble/HYMEC01/install/HYMEC01/share/HYMEC01.1
