[0.313s] Invoking command in '/home/wonker/ros2_humble/HYMEC01/build/HYMEC01': PYTHONPATH=/home/wonker/ros2_humble/HYMEC01/build/HYMEC01/prefix_override:/home/wonker/ros2_humble/HYMEC01/install/HYMEC01/lib/python3.10/site-packages:${PYTHONPATH} /usr/bin/python3 setup.py develop --editable --build-directory /home/wonker/ros2_humble/HYMEC01/build/HYMEC01/build --no-deps install_data
[0.441s] running develop
[0.451s] /usr/lib/python3/dist-packages/setuptools/command/easy_install.py:158: EasyInstallDeprecationWarning: easy_install command is deprecated. Use build and pip and other standards-based tools.
[0.451s]   warnings.warn(
[0.451s] /usr/lib/python3/dist-packages/setuptools/command/install.py:34: SetuptoolsDeprecationWarning: setup.py install is deprecated. Use build and pip and other standards-based tools.
[0.451s]   warnings.warn(
[0.524s] running egg_info
[0.524s] creating HYMEC01.1.egg-info
[0.524s] writing HYMEC01.1.egg-info/PKG-INFO
[0.524s] writing dependency_links to HYMEC01.1.egg-info/dependency_links.txt
[0.524s] writing entry points to HYMEC01.1.egg-info/entry_points.txt
[0.524s] writing requirements to HYMEC01.1.egg-info/requires.txt
[0.524s] writing top-level names to HYMEC01.1.egg-info/top_level.txt
[0.524s] writing manifest file 'HYMEC01.1.egg-info/SOURCES.txt'
[0.525s] reading manifest file 'HYMEC01.1.egg-info/SOURCES.txt'
[0.525s] writing manifest file 'HYMEC01.1.egg-info/SOURCES.txt'
[0.526s] running build_ext
[0.526s] Creating /home/wonker/ros2_humble/HYMEC01/install/HYMEC01/lib/python3.10/site-packages/HYMEC01.1.egg-link (link to .)
[0.527s] Installing laptop script to /home/wonker/ros2_humble/HYMEC01/install/HYMEC01/lib/HYMEC01
[0.527s] Installing robot1 script to /home/wonker/ros2_humble/HYMEC01/install/HYMEC01/lib/HYMEC01
[0.527s] Installing robot2 script to /home/wonker/ros2_humble/HYMEC01/install/HYMEC01/lib/HYMEC01
[0.527s] Installing robot3 script to /home/wonker/ros2_humble/HYMEC01/install/HYMEC01/lib/HYMEC01
[0.527s] Installing robot4 script to /home/wonker/ros2_humble/HYMEC01/install/HYMEC01/lib/HYMEC01
[0.527s] 
[0.527s] Installed /home/wonker/ros2_humble/HYMEC01/build/HYMEC01
[0.527s] running install_data
[0.527s] copying resource/HYMEC01.1 -> /home/wonker/ros2_humble/HYMEC01/install/HYMEC01/share/ament_index/resource_index/packages
[0.527s] creating /home/wonker/ros2_humble/HYMEC01/install/HYMEC01/share/HYMEC01.1
[0.527s] copying package.xml -> /home/wonker/ros2_humble/HYMEC01/install/HYMEC01/share/HYMEC01.1
[0.542s] Invoked command in '/home/wonker/ros2_humble/HYMEC01/build/HYMEC01' returned '0': PYTHONPATH=/home/wonker/ros2_humble/HYMEC01/build/HYMEC01/prefix_override:/home/wonker/ros2_humble/HYMEC01/install/HYMEC01/lib/python3.10/site-packages:${PYTHONPATH} /usr/bin/python3 setup.py develop --editable --build-directory /home/wonker/ros2_humble/HYMEC01/build/HYMEC01/build --no-deps install_data
