[0.166s] DEBUG:colcon:Command line arguments: ['/usr/bin/colcon', 'build', '--symlink-install']
[0.166s] DEBUG:colcon:Parsed command line arguments: Namespace(log_base=None, log_level=None, verb_name='build', build_base='build', install_base='install', merge_install=False, symlink_install=True, test_result_base=None, continue_on_error=False, executor='parallel', parallel_workers=20, event_handlers=None, ignore_user_meta=False, metas=['./colcon.meta'], base_paths=['.'], packages_ignore=None, packages_ignore_regex=None, paths=None, packages_up_to=None, packages_up_to_regex=None, packages_above=None, packages_above_and_dependencies=None, packages_above_depth=None, packages_select_by_dep=None, packages_skip_by_dep=None, packages_skip_up_to=None, packages_select_build_failed=False, packages_skip_build_finished=False, packages_select_test_failures=False, packages_skip_test_passed=False, packages_select=None, packages_skip=None, packages_select_regex=None, packages_skip_regex=None, packages_start=None, packages_end=None, allow_overriding=[], cmake_args=None, cmake_target=None, cmake_target_skip_unavailable=False, cmake_clean_cache=False, cmake_clean_first=False, cmake_force_configure=False, ament_cmake_args=None, catkin_cmake_args=None, catkin_skip_building_tests=False, verb_parser=<colcon_defaults.argument_parser.defaults.DefaultArgumentsDecorator object at 0x7f069b4c73a0>, verb_extension=<colcon_core.verb.build.BuildVerb object at 0x7f069bc618a0>, main=<bound method BuildVerb.main of <colcon_core.verb.build.BuildVerb object at 0x7f069bc618a0>>)
[0.183s] Level 1:colcon.colcon_core.package_discovery:discover_packages(colcon_meta) check parameters
[0.183s] Level 1:colcon.colcon_core.package_discovery:discover_packages(recursive) check parameters
[0.183s] Level 1:colcon.colcon_core.package_discovery:discover_packages(ignore) check parameters
[0.183s] Level 1:colcon.colcon_core.package_discovery:discover_packages(path) check parameters
[0.183s] Level 1:colcon.colcon_core.package_discovery:discover_packages(colcon_meta) discover
[0.183s] Level 1:colcon.colcon_core.package_discovery:discover_packages(recursive) discover
[0.183s] INFO:colcon.colcon_core.package_discovery:Crawling recursively for packages in '/home/wonker/ros2_humble/HYMEC01.1'
[0.183s] Level 1:colcon.colcon_core.package_identification:_identify(.) by extensions ['ignore', 'ignore_ament_install']
[0.183s] Level 1:colcon.colcon_core.package_identification:_identify(.) by extension 'ignore'
[0.183s] Level 1:colcon.colcon_core.package_identification:_identify(.) by extension 'ignore_ament_install'
[0.183s] Level 1:colcon.colcon_core.package_identification:_identify(.) by extensions ['colcon_pkg']
[0.183s] Level 1:colcon.colcon_core.package_identification:_identify(.) by extension 'colcon_pkg'
[0.183s] Level 1:colcon.colcon_core.package_identification:_identify(.) by extensions ['colcon_meta']
[0.183s] Level 1:colcon.colcon_core.package_identification:_identify(.) by extension 'colcon_meta'
[0.183s] Level 1:colcon.colcon_core.package_identification:_identify(.) by extensions ['ros']
[0.183s] Level 1:colcon.colcon_core.package_identification:_identify(.) by extension 'ros'
[0.191s] DEBUG:colcon.colcon_core.package_identification:Found ROS schema reference in package manifest in '.'
[0.191s] WARNING:colcon.colcon_core.package_identification:Failed to parse ROS package manifest in '.': Error(s) in package './package.xml':
Package name "HYMEC01.1" does not follow naming conventions
[0.191s] Level 1:colcon.colcon_core.package_identification:_identify(.) by extensions ['cmake', 'python']
[0.191s] Level 1:colcon.colcon_core.package_identification:_identify(.) by extension 'cmake'
[0.191s] Level 1:colcon.colcon_core.package_identification:_identify(.) by extension 'python'
[0.191s] DEBUG:colcon.colcon_core.package_identification:Python package in '.' passes arguments to the setup() function which requires a different identification extension than 'python'
[0.191s] Level 1:colcon.colcon_core.package_identification:_identify(.) by extensions ['python_setup_py']
[0.191s] Level 1:colcon.colcon_core.package_identification:_identify(.) by extension 'python_setup_py'
[0.316s] DEBUG:colcon.colcon_core.package_identification:Package '.' with type 'python' and name 'HYMEC01.1'
[0.316s] Level 1:colcon.colcon_core.package_discovery:discover_packages(recursive) using defaults
[0.316s] Level 1:colcon.colcon_core.package_discovery:discover_packages(ignore) discover
[0.316s] Level 1:colcon.colcon_core.package_discovery:discover_packages(ignore) using defaults
[0.316s] Level 1:colcon.colcon_core.package_discovery:discover_packages(path) discover
[0.316s] Level 1:colcon.colcon_core.package_discovery:discover_packages(path) using defaults
[0.331s] Level 1:colcon.colcon_core.package_discovery:discover_packages(prefix_path) check parameters
[0.331s] Level 1:colcon.colcon_core.package_discovery:discover_packages(prefix_path) discover
[0.331s] WARNING:colcon.colcon_core.prefix_path.colcon:The path '/home/wonker/install' in the environment variable COLCON_PREFIX_PATH doesn't exist
[0.332s] DEBUG:colcon.colcon_installed_package_information.package_discovery:Found 4 installed packages in /home/wonker/ros2_humble/install
[0.333s] DEBUG:colcon.colcon_installed_package_information.package_discovery:Found 270 installed packages in /opt/ros/humble
[0.334s] Level 1:colcon.colcon_core.package_discovery:discover_packages(prefix_path) using defaults
[0.362s] Level 5:colcon.colcon_core.verb:set package 'HYMEC01.1' build argument 'cmake_args' from command line to 'None'
[0.362s] Level 5:colcon.colcon_core.verb:set package 'HYMEC01.1' build argument 'cmake_target' from command line to 'None'
[0.362s] Level 5:colcon.colcon_core.verb:set package 'HYMEC01.1' build argument 'cmake_target_skip_unavailable' from command line to 'False'
[0.362s] Level 5:colcon.colcon_core.verb:set package 'HYMEC01.1' build argument 'cmake_clean_cache' from command line to 'False'
[0.363s] Level 5:colcon.colcon_core.verb:set package 'HYMEC01.1' build argument 'cmake_clean_first' from command line to 'False'
[0.363s] Level 5:colcon.colcon_core.verb:set package 'HYMEC01.1' build argument 'cmake_force_configure' from command line to 'False'
[0.363s] Level 5:colcon.colcon_core.verb:set package 'HYMEC01.1' build argument 'ament_cmake_args' from command line to 'None'
[0.363s] Level 5:colcon.colcon_core.verb:set package 'HYMEC01.1' build argument 'catkin_cmake_args' from command line to 'None'
[0.363s] Level 5:colcon.colcon_core.verb:set package 'HYMEC01.1' build argument 'catkin_skip_building_tests' from command line to 'False'
[0.363s] DEBUG:colcon.colcon_core.verb:Building package 'HYMEC01.1' with the following arguments: {'ament_cmake_args': None, 'build_base': '/home/wonker/ros2_humble/HYMEC01.1/build/HYMEC01.1', 'catkin_cmake_args': None, 'catkin_skip_building_tests': False, 'cmake_args': None, 'cmake_clean_cache': False, 'cmake_clean_first': False, 'cmake_force_configure': False, 'cmake_target': None, 'cmake_target_skip_unavailable': False, 'install_base': '/home/wonker/ros2_humble/HYMEC01.1/install/HYMEC01.1', 'merge_install': False, 'path': '/home/wonker/ros2_humble/HYMEC01.1', 'symlink_install': True, 'test_result_base': None}
[0.363s] INFO:colcon.colcon_core.executor:Executing jobs using 'parallel' executor
[0.365s] DEBUG:colcon.colcon_parallel_executor.executor.parallel:run_until_complete
[0.365s] INFO:colcon.colcon_core.task.python.build:Building Python package in '/home/wonker/ros2_humble/HYMEC01.1'
[0.367s] INFO:colcon.colcon_core.plugin_system:Skipping extension 'colcon_core.shell.bat': Not used on non-Windows systems
[0.367s] INFO:colcon.colcon_core.shell:Skip shell extension 'powershell' for command environment: Not usable outside of PowerShell
[0.367s] DEBUG:colcon.colcon_core.shell:Skip shell extension 'dsv' for command environment
[0.671s] DEBUG:colcon.colcon_core.event_handler.log_command:Invoking command in '/home/wonker/ros2_humble/HYMEC01.1/build/HYMEC01.1': PYTHONPATH=/home/wonker/ros2_humble/HYMEC01.1/build/HYMEC01.1/prefix_override:/home/wonker/ros2_humble/HYMEC01.1/install/HYMEC01.1/lib/python3.10/site-packages:${PYTHONPATH} /usr/bin/python3 setup.py develop --editable --build-directory /home/wonker/ros2_humble/HYMEC01.1/build/HYMEC01.1/build --no-deps install_data
[0.899s] Level 1:colcon.colcon_core.shell:create_environment_hook('HYMEC01.1', 'pythonpath_develop')
[0.899s] INFO:colcon.colcon_core.shell:Creating environment hook '/home/wonker/ros2_humble/HYMEC01.1/build/HYMEC01.1/share/HYMEC01.1/hook/pythonpath_develop.ps1'
[0.900s] DEBUG:colcon.colcon_core.event_handler.log_command:Invoked command in '/home/wonker/ros2_humble/HYMEC01.1/build/HYMEC01.1' returned '0': PYTHONPATH=/home/wonker/ros2_humble/HYMEC01.1/build/HYMEC01.1/prefix_override:/home/wonker/ros2_humble/HYMEC01.1/install/HYMEC01.1/lib/python3.10/site-packages:${PYTHONPATH} /usr/bin/python3 setup.py develop --editable --build-directory /home/wonker/ros2_humble/HYMEC01.1/build/HYMEC01.1/build --no-deps install_data
[0.900s] INFO:colcon.colcon_core.shell:Creating environment descriptor '/home/wonker/ros2_humble/HYMEC01.1/build/HYMEC01.1/share/HYMEC01.1/hook/pythonpath_develop.dsv'
[0.900s] INFO:colcon.colcon_core.shell:Creating environment hook '/home/wonker/ros2_humble/HYMEC01.1/build/HYMEC01.1/share/HYMEC01.1/hook/pythonpath_develop.sh'
[0.903s] Level 1:colcon.colcon_core.environment:checking '/home/wonker/ros2_humble/HYMEC01.1/install/HYMEC01.1' for CMake module files
[0.904s] Level 1:colcon.colcon_core.environment:checking '/home/wonker/ros2_humble/HYMEC01.1/install/HYMEC01.1' for CMake config files
[0.904s] Level 1:colcon.colcon_core.environment:checking '/home/wonker/ros2_humble/HYMEC01.1/install/HYMEC01.1/lib'
[0.904s] Level 1:colcon.colcon_core.environment:checking '/home/wonker/ros2_humble/HYMEC01.1/install/HYMEC01.1/bin'
[0.904s] Level 1:colcon.colcon_core.environment:checking '/home/wonker/ros2_humble/HYMEC01.1/install/HYMEC01.1/lib/pkgconfig/HYMEC01.1.pc'
[0.904s] Level 1:colcon.colcon_core.environment:checking '/home/wonker/ros2_humble/HYMEC01.1/install/HYMEC01.1/lib/python3.10/site-packages'
[0.904s] Level 1:colcon.colcon_core.shell:create_environment_hook('HYMEC01.1', 'pythonpath')
[0.905s] INFO:colcon.colcon_core.shell:Creating environment hook '/home/wonker/ros2_humble/HYMEC01.1/install/HYMEC01.1/share/HYMEC01.1/hook/pythonpath.ps1'
[0.905s] INFO:colcon.colcon_core.shell:Creating environment descriptor '/home/wonker/ros2_humble/HYMEC01.1/install/HYMEC01.1/share/HYMEC01.1/hook/pythonpath.dsv'
[0.905s] INFO:colcon.colcon_core.shell:Creating environment hook '/home/wonker/ros2_humble/HYMEC01.1/install/HYMEC01.1/share/HYMEC01.1/hook/pythonpath.sh'
[0.905s] Level 1:colcon.colcon_core.environment:checking '/home/wonker/ros2_humble/HYMEC01.1/install/HYMEC01.1/bin'
[0.905s] Level 1:colcon.colcon_core.environment:create_environment_scripts_only(HYMEC01.1)
[0.906s] INFO:colcon.colcon_core.shell:Creating package script '/home/wonker/ros2_humble/HYMEC01.1/install/HYMEC01.1/share/HYMEC01.1/package.ps1'
[0.906s] INFO:colcon.colcon_core.shell:Creating package descriptor '/home/wonker/ros2_humble/HYMEC01.1/install/HYMEC01.1/share/HYMEC01.1/package.dsv'
[0.907s] INFO:colcon.colcon_core.shell:Creating package script '/home/wonker/ros2_humble/HYMEC01.1/install/HYMEC01.1/share/HYMEC01.1/package.sh'
[0.907s] INFO:colcon.colcon_core.shell:Creating package script '/home/wonker/ros2_humble/HYMEC01.1/install/HYMEC01.1/share/HYMEC01.1/package.bash'
[0.907s] INFO:colcon.colcon_core.shell:Creating package script '/home/wonker/ros2_humble/HYMEC01.1/install/HYMEC01.1/share/HYMEC01.1/package.zsh'
[0.907s] Level 1:colcon.colcon_core.environment:create_file_with_runtime_dependencies(/home/wonker/ros2_humble/HYMEC01.1/install/HYMEC01.1/share/colcon-core/packages/HYMEC01.1)
[0.908s] DEBUG:colcon.colcon_parallel_executor.executor.parallel:closing loop
[0.908s] DEBUG:colcon.colcon_parallel_executor.executor.parallel:loop closed
[0.908s] DEBUG:colcon.colcon_parallel_executor.executor.parallel:run_until_complete finished with '0'
[0.908s] DEBUG:colcon.colcon_core.event_reactor:joining thread
[0.911s] INFO:colcon.colcon_core.plugin_system:Skipping extension 'colcon_notification.desktop_notification.terminal_notifier': Not used on non-Darwin systems
[0.911s] INFO:colcon.colcon_core.plugin_system:Skipping extension 'colcon_notification.desktop_notification.win32': Not used on non-Windows systems
[0.911s] INFO:colcon.colcon_notification.desktop_notification:Sending desktop notification using 'notify2'
[0.920s] DEBUG:colcon.colcon_core.event_reactor:joined thread
[0.921s] INFO:colcon.colcon_core.shell:Creating prefix script '/home/wonker/ros2_humble/HYMEC01.1/install/local_setup.ps1'
[0.921s] INFO:colcon.colcon_core.shell:Creating prefix util module '/home/wonker/ros2_humble/HYMEC01.1/install/_local_setup_util_ps1.py'
[0.922s] INFO:colcon.colcon_core.shell:Creating prefix chain script '/home/wonker/ros2_humble/HYMEC01.1/install/setup.ps1'
[0.925s] INFO:colcon.colcon_core.shell:Creating prefix script '/home/wonker/ros2_humble/HYMEC01.1/install/local_setup.sh'
[0.926s] INFO:colcon.colcon_core.shell:Creating prefix util module '/home/wonker/ros2_humble/HYMEC01.1/install/_local_setup_util_sh.py'
[0.926s] INFO:colcon.colcon_core.shell:Creating prefix chain script '/home/wonker/ros2_humble/HYMEC01.1/install/setup.sh'
[0.928s] INFO:colcon.colcon_core.shell:Creating prefix script '/home/wonker/ros2_humble/HYMEC01.1/install/local_setup.bash'
[0.928s] INFO:colcon.colcon_core.shell:Creating prefix chain script '/home/wonker/ros2_humble/HYMEC01.1/install/setup.bash'
[0.929s] INFO:colcon.colcon_core.shell:Creating prefix script '/home/wonker/ros2_humble/HYMEC01.1/install/local_setup.zsh'
[0.929s] INFO:colcon.colcon_core.shell:Creating prefix chain script '/home/wonker/ros2_humble/HYMEC01.1/install/setup.zsh'
