[0.218s] DEBUG:colcon:Command line arguments: ['/usr/bin/colcon', 'build', '--symlink-install']
[0.218s] DEBUG:colcon:Parsed command line arguments: Namespace(log_base=None, log_level=None, verb_name='build', build_base='build', install_base='install', merge_install=False, symlink_install=True, test_result_base=None, continue_on_error=False, executor='parallel', parallel_workers=20, event_handlers=None, ignore_user_meta=False, metas=['./colcon.meta'], base_paths=['.'], packages_ignore=None, packages_ignore_regex=None, paths=None, packages_up_to=None, packages_up_to_regex=None, packages_above=None, packages_above_and_dependencies=None, packages_above_depth=None, packages_select_by_dep=None, packages_skip_by_dep=None, packages_skip_up_to=None, packages_select_build_failed=False, packages_skip_build_finished=False, packages_select_test_failures=False, packages_skip_test_passed=False, packages_select=None, packages_skip=None, packages_select_regex=None, packages_skip_regex=None, packages_start=None, packages_end=None, allow_overriding=[], cmake_args=None, cmake_target=None, cmake_target_skip_unavailable=False, cmake_clean_cache=False, cmake_clean_first=False, cmake_force_configure=False, ament_cmake_args=None, catkin_cmake_args=None, catkin_skip_building_tests=False, verb_parser=<colcon_defaults.argument_parser.defaults.DefaultArgumentsDecorator object at 0x7ff1da175990>, verb_extension=<colcon_core.verb.build.BuildVerb object at 0x7ff1da9abd30>, main=<bound method BuildVerb.main of <colcon_core.verb.build.BuildVerb object at 0x7ff1da9abd30>>)
[0.248s] Level 1:colcon.colcon_core.package_discovery:discover_packages(colcon_meta) check parameters
[0.248s] Level 1:colcon.colcon_core.package_discovery:discover_packages(recursive) check parameters
[0.248s] Level 1:colcon.colcon_core.package_discovery:discover_packages(ignore) check parameters
[0.248s] Level 1:colcon.colcon_core.package_discovery:discover_packages(path) check parameters
[0.248s] Level 1:colcon.colcon_core.package_discovery:discover_packages(colcon_meta) discover
[0.248s] Level 1:colcon.colcon_core.package_discovery:discover_packages(recursive) discover
[0.248s] INFO:colcon.colcon_core.package_discovery:Crawling recursively for packages in '/home/wonker/ros2_humble/HYMEC01'
[0.248s] Level 1:colcon.colcon_core.package_identification:_identify(.) by extensions ['ignore', 'ignore_ament_install']
[0.248s] Level 1:colcon.colcon_core.package_identification:_identify(.) by extension 'ignore'
[0.248s] Level 1:colcon.colcon_core.package_identification:_identify(.) by extension 'ignore_ament_install'
[0.248s] Level 1:colcon.colcon_core.package_identification:_identify(.) by extensions ['colcon_pkg']
[0.248s] Level 1:colcon.colcon_core.package_identification:_identify(.) by extension 'colcon_pkg'
[0.248s] Level 1:colcon.colcon_core.package_identification:_identify(.) by extensions ['colcon_meta']
[0.248s] Level 1:colcon.colcon_core.package_identification:_identify(.) by extension 'colcon_meta'
[0.248s] Level 1:colcon.colcon_core.package_identification:_identify(.) by extensions ['ros']
[0.248s] Level 1:colcon.colcon_core.package_identification:_identify(.) by extension 'ros'
[0.257s] DEBUG:colcon.colcon_core.package_identification:Package '.' with type 'ros.ament_python' and name 'HYMEC01'
[0.257s] Level 1:colcon.colcon_core.package_discovery:discover_packages(recursive) using defaults
[0.257s] Level 1:colcon.colcon_core.package_discovery:discover_packages(ignore) discover
[0.257s] Level 1:colcon.colcon_core.package_discovery:discover_packages(ignore) using defaults
[0.257s] Level 1:colcon.colcon_core.package_discovery:discover_packages(path) discover
[0.257s] Level 1:colcon.colcon_core.package_discovery:discover_packages(path) using defaults
[0.273s] Level 1:colcon.colcon_core.package_discovery:discover_packages(prefix_path) check parameters
[0.273s] Level 1:colcon.colcon_core.package_discovery:discover_packages(prefix_path) discover
[0.274s] Level 1:colcon.colcon_core.package_discovery:discover_packages(prefix_path) using defaults
[0.275s] Level 5:colcon.colcon_core.verb:set package 'HYMEC01' build argument 'cmake_args' from command line to 'None'
[0.275s] Level 5:colcon.colcon_core.verb:set package 'HYMEC01' build argument 'cmake_target' from command line to 'None'
[0.275s] Level 5:colcon.colcon_core.verb:set package 'HYMEC01' build argument 'cmake_target_skip_unavailable' from command line to 'False'
[0.275s] Level 5:colcon.colcon_core.verb:set package 'HYMEC01' build argument 'cmake_clean_cache' from command line to 'False'
[0.275s] Level 5:colcon.colcon_core.verb:set package 'HYMEC01' build argument 'cmake_clean_first' from command line to 'False'
[0.275s] Level 5:colcon.colcon_core.verb:set package 'HYMEC01' build argument 'cmake_force_configure' from command line to 'False'
[0.275s] Level 5:colcon.colcon_core.verb:set package 'HYMEC01' build argument 'ament_cmake_args' from command line to 'None'
[0.275s] Level 5:colcon.colcon_core.verb:set package 'HYMEC01' build argument 'catkin_cmake_args' from command line to 'None'
[0.275s] Level 5:colcon.colcon_core.verb:set package 'HYMEC01' build argument 'catkin_skip_building_tests' from command line to 'False'
[0.275s] DEBUG:colcon.colcon_core.verb:Building package 'HYMEC01' with the following arguments: {'ament_cmake_args': None, 'build_base': '/home/wonker/ros2_humble/HYMEC01/build/HYMEC01', 'catkin_cmake_args': None, 'catkin_skip_building_tests': False, 'cmake_args': None, 'cmake_clean_cache': False, 'cmake_clean_first': False, 'cmake_force_configure': False, 'cmake_target': None, 'cmake_target_skip_unavailable': False, 'install_base': '/home/wonker/ros2_humble/HYMEC01/install/HYMEC01', 'merge_install': False, 'path': '/home/wonker/ros2_humble/HYMEC01', 'symlink_install': True, 'test_result_base': None}
[0.276s] INFO:colcon.colcon_core.executor:Executing jobs using 'parallel' executor
[0.277s] DEBUG:colcon.colcon_parallel_executor.executor.parallel:run_until_complete
[0.277s] INFO:colcon.colcon_ros.task.ament_python.build:Building ROS package in '/home/wonker/ros2_humble/HYMEC01' with build type 'ament_python'
[0.277s] Level 1:colcon.colcon_core.shell:create_environment_hook('HYMEC01', 'ament_prefix_path')
[0.281s] INFO:colcon.colcon_core.plugin_system:Skipping extension 'colcon_core.shell.bat': Not used on non-Windows systems
[0.281s] INFO:colcon.colcon_core.shell:Creating environment hook '/home/wonker/ros2_humble/HYMEC01/install/HYMEC01/share/HYMEC01/hook/ament_prefix_path.ps1'
[0.282s] INFO:colcon.colcon_core.shell:Creating environment descriptor '/home/wonker/ros2_humble/HYMEC01/install/HYMEC01/share/HYMEC01/hook/ament_prefix_path.dsv'
[0.282s] INFO:colcon.colcon_core.shell:Creating environment hook '/home/wonker/ros2_humble/HYMEC01/install/HYMEC01/share/HYMEC01/hook/ament_prefix_path.sh'
[0.283s] INFO:colcon.colcon_core.shell:Skip shell extension 'powershell' for command environment: Not usable outside of PowerShell
[0.283s] DEBUG:colcon.colcon_core.shell:Skip shell extension 'dsv' for command environment
[0.391s] WARNING:colcon.colcon_ros.task.ament_python.build:Package 'HYMEC01' doesn't explicitly install a marker in the package index (colcon-ros currently does it implicitly but that fallback will be removed in the future)
[0.391s] WARNING:colcon.colcon_ros.task.ament_python.build:Package 'HYMEC01' doesn't explicitly install the 'package.xml' file (colcon-ros currently does it implicitly but that fallback will be removed in the future)
[0.391s] INFO:colcon.colcon_core.task.python.build:Building Python package in '/home/wonker/ros2_humble/HYMEC01'
[0.392s] INFO:colcon.colcon_core.shell:Skip shell extension 'powershell' for command environment: Not usable outside of PowerShell
[0.392s] DEBUG:colcon.colcon_core.shell:Skip shell extension 'dsv' for command environment
[0.567s] DEBUG:colcon.colcon_core.event_handler.log_command:Invoking command in '/home/wonker/ros2_humble/HYMEC01/build/HYMEC01': PYTHONPATH=/home/wonker/ros2_humble/HYMEC01/build/HYMEC01/prefix_override:/home/wonker/ros2_humble/HYMEC01/install/HYMEC01/lib/python3.10/site-packages: /usr/bin/python3 setup.py develop --editable --build-directory /home/wonker/ros2_humble/HYMEC01/build/HYMEC01/build --no-deps install_data
[0.739s] Level 1:colcon.colcon_core.shell:create_environment_hook('HYMEC01', 'pythonpath_develop')
[0.740s] INFO:colcon.colcon_core.shell:Creating environment hook '/home/wonker/ros2_humble/HYMEC01/build/HYMEC01/share/HYMEC01/hook/pythonpath_develop.ps1'
[0.740s] DEBUG:colcon.colcon_core.event_handler.log_command:Invoked command in '/home/wonker/ros2_humble/HYMEC01/build/HYMEC01' returned '0': PYTHONPATH=/home/wonker/ros2_humble/HYMEC01/build/HYMEC01/prefix_override:/home/wonker/ros2_humble/HYMEC01/install/HYMEC01/lib/python3.10/site-packages: /usr/bin/python3 setup.py develop --editable --build-directory /home/wonker/ros2_humble/HYMEC01/build/HYMEC01/build --no-deps install_data
[0.741s] INFO:colcon.colcon_core.shell:Creating environment descriptor '/home/wonker/ros2_humble/HYMEC01/build/HYMEC01/share/HYMEC01/hook/pythonpath_develop.dsv'
[0.741s] INFO:colcon.colcon_core.shell:Creating environment hook '/home/wonker/ros2_humble/HYMEC01/build/HYMEC01/share/HYMEC01/hook/pythonpath_develop.sh'
[0.745s] Level 1:colcon.colcon_core.environment:checking '/home/wonker/ros2_humble/HYMEC01/install/HYMEC01' for CMake module files
[0.745s] Level 1:colcon.colcon_core.environment:checking '/home/wonker/ros2_humble/HYMEC01/install/HYMEC01' for CMake config files
[0.746s] Level 1:colcon.colcon_core.environment:checking '/home/wonker/ros2_humble/HYMEC01/install/HYMEC01/lib'
[0.746s] Level 1:colcon.colcon_core.environment:checking '/home/wonker/ros2_humble/HYMEC01/install/HYMEC01/bin'
[0.746s] Level 1:colcon.colcon_core.environment:checking '/home/wonker/ros2_humble/HYMEC01/install/HYMEC01/lib/pkgconfig/HYMEC01.pc'
[0.746s] Level 1:colcon.colcon_core.environment:checking '/home/wonker/ros2_humble/HYMEC01/install/HYMEC01/lib/python3.10/site-packages'
[0.746s] Level 1:colcon.colcon_core.shell:create_environment_hook('HYMEC01', 'pythonpath')
[0.746s] INFO:colcon.colcon_core.shell:Creating environment hook '/home/wonker/ros2_humble/HYMEC01/install/HYMEC01/share/HYMEC01/hook/pythonpath.ps1'
[0.747s] INFO:colcon.colcon_core.shell:Creating environment descriptor '/home/wonker/ros2_humble/HYMEC01/install/HYMEC01/share/HYMEC01/hook/pythonpath.dsv'
[0.747s] INFO:colcon.colcon_core.shell:Creating environment hook '/home/wonker/ros2_humble/HYMEC01/install/HYMEC01/share/HYMEC01/hook/pythonpath.sh'
[0.747s] Level 1:colcon.colcon_core.environment:checking '/home/wonker/ros2_humble/HYMEC01/install/HYMEC01/bin'
[0.747s] Level 1:colcon.colcon_core.environment:create_environment_scripts_only(HYMEC01)
[0.748s] INFO:colcon.colcon_core.shell:Creating package script '/home/wonker/ros2_humble/HYMEC01/install/HYMEC01/share/HYMEC01/package.ps1'
[0.748s] INFO:colcon.colcon_core.shell:Creating package descriptor '/home/wonker/ros2_humble/HYMEC01/install/HYMEC01/share/HYMEC01/package.dsv'
[0.748s] INFO:colcon.colcon_core.shell:Creating package script '/home/wonker/ros2_humble/HYMEC01/install/HYMEC01/share/HYMEC01/package.sh'
[0.749s] INFO:colcon.colcon_core.shell:Creating package script '/home/wonker/ros2_humble/HYMEC01/install/HYMEC01/share/HYMEC01/package.bash'
[0.749s] INFO:colcon.colcon_core.shell:Creating package script '/home/wonker/ros2_humble/HYMEC01/install/HYMEC01/share/HYMEC01/package.zsh'
[0.750s] Level 1:colcon.colcon_core.environment:create_file_with_runtime_dependencies(/home/wonker/ros2_humble/HYMEC01/install/HYMEC01/share/colcon-core/packages/HYMEC01)
[0.750s] DEBUG:colcon.colcon_parallel_executor.executor.parallel:closing loop
[0.750s] DEBUG:colcon.colcon_parallel_executor.executor.parallel:loop closed
[0.750s] DEBUG:colcon.colcon_parallel_executor.executor.parallel:run_until_complete finished with '0'
[0.750s] DEBUG:colcon.colcon_core.event_reactor:joining thread
[0.754s] INFO:colcon.colcon_core.plugin_system:Skipping extension 'colcon_notification.desktop_notification.terminal_notifier': Not used on non-Darwin systems
[0.754s] INFO:colcon.colcon_core.plugin_system:Skipping extension 'colcon_notification.desktop_notification.win32': Not used on non-Windows systems
[0.754s] INFO:colcon.colcon_notification.desktop_notification:Sending desktop notification using 'notify2'
[0.766s] DEBUG:colcon.colcon_core.event_reactor:joined thread
[0.767s] INFO:colcon.colcon_core.shell:Creating prefix script '/home/wonker/ros2_humble/HYMEC01/install/local_setup.ps1'
[0.768s] INFO:colcon.colcon_core.shell:Creating prefix util module '/home/wonker/ros2_humble/HYMEC01/install/_local_setup_util_ps1.py'
[0.769s] INFO:colcon.colcon_core.shell:Creating prefix chain script '/home/wonker/ros2_humble/HYMEC01/install/setup.ps1'
[0.770s] INFO:colcon.colcon_core.shell:Creating prefix script '/home/wonker/ros2_humble/HYMEC01/install/local_setup.sh'
[0.771s] INFO:colcon.colcon_core.shell:Creating prefix util module '/home/wonker/ros2_humble/HYMEC01/install/_local_setup_util_sh.py'
[0.772s] INFO:colcon.colcon_core.shell:Creating prefix chain script '/home/wonker/ros2_humble/HYMEC01/install/setup.sh'
[0.772s] INFO:colcon.colcon_core.shell:Creating prefix script '/home/wonker/ros2_humble/HYMEC01/install/local_setup.bash'
[0.773s] INFO:colcon.colcon_core.shell:Creating prefix chain script '/home/wonker/ros2_humble/HYMEC01/install/setup.bash'
[0.773s] INFO:colcon.colcon_core.shell:Creating prefix script '/home/wonker/ros2_humble/HYMEC01/install/local_setup.zsh'
[0.774s] INFO:colcon.colcon_core.shell:Creating prefix chain script '/home/wonker/ros2_humble/HYMEC01/install/setup.zsh'
